
> @posmul/posmul-web@0.1.0 type-check C:\G\posmul\apps\posmul-web
> tsc --noEmit

.next/types/app/prediction/entertainment/page.ts(34,29): error TS2344: Type 'PageProps' does not satisfy the constraint 'import("C:/G/posmul/apps/posmul-web/.next/types/app/prediction/entertainment/page").PageProps'.
  Types of property 'searchParams' are incompatible.
    Type '{ type?: string; }' is missing the following properties from type 'Promise<any>': then, catch, finally, [Symbol.toStringTag]
.next/types/app/prediction/invest/page.ts(34,29): error TS2344: Type 'PageProps' does not satisfy the constraint 'import("C:/G/posmul/apps/posmul-web/.next/types/app/prediction/invest/page").PageProps'.
  Types of property 'searchParams' are incompatible.
    Type '{ league?: string; }' is missing the following properties from type 'Promise<any>': then, catch, finally, [Symbol.toStringTag]
.next/types/app/prediction/sports/soccer/[slug]/page.ts(34,29): error TS2344: Type 'PredictionDetailPageProps' does not satisfy the constraint 'PageProps'.
  Types of property 'params' are incompatible.
    Type '{ slug: string; }' is missing the following properties from type 'Promise<any>': then, catch, finally, [Symbol.toStringTag]
src/bounded-contexts/economy/application/services/__tests__/economic-forecasting.service.test.ts(140,23): error TS2339: Property 'error' does not exist on type 'Result<ForecastingResult>'.
  Property 'error' does not exist on type '{ success: true; data: ForecastingResult; }'.
src/bounded-contexts/prediction/domain/entities/__tests__/prediction-game.aggregate.test.ts(86,23): error TS2339: Property 'error' does not exist on type 'Result<PredictionGame, ValidationError>'.
  Property 'error' does not exist on type '{ success: true; data: PredictionGame; }'.
src/bounded-contexts/prediction/domain/entities/__tests__/prediction-game.aggregate.test.ts(193,41): error TS2345: Argument of type '{ userId: UserId; selectedOption: string; stakeAmount: PmpAmount; confidenceLevel: number; }' is not assignable to parameter of type 'Prediction'.
  Type '{ userId: UserId; selectedOption: string; stakeAmount: PmpAmount; confidenceLevel: number; }' is missing the following properties from type 'Prediction': _id, _userId, _gameId, _selectedOptionId, and 23 more.
src/bounded-contexts/prediction/domain/entities/__tests__/prediction-game.aggregate.test.ts(197,19): error TS2551: Property 'getPredictions' does not exist on type 'PredictionGame'. Did you mean 'getPrediction'?
src/bounded-contexts/prediction/domain/entities/__tests__/prediction-game.aggregate.test.ts(211,41): error TS2345: Argument of type '{ userId: UserId; selectedOption: string; stakeAmount: PmpAmount; confidenceLevel: number; }' is not assignable to parameter of type 'Prediction'.
  Type '{ userId: UserId; selectedOption: string; stakeAmount: PmpAmount; confidenceLevel: number; }' is missing the following properties from type 'Prediction': _id, _userId, _gameId, _selectedOptionId, and 23 more.
src/bounded-contexts/prediction/domain/entities/__tests__/prediction-game.aggregate.test.ts(227,41): error TS2345: Argument of type '{ userId: UserId; selectedOption: string; stakeAmount: PmpAmount; confidenceLevel: number; }' is not assignable to parameter of type 'Prediction'.
  Type '{ userId: UserId; selectedOption: string; stakeAmount: PmpAmount; confidenceLevel: number; }' is missing the following properties from type 'Prediction': _id, _userId, _gameId, _selectedOptionId, and 23 more.
src/bounded-contexts/prediction/domain/entities/__tests__/prediction-game.aggregate.test.ts(243,41): error TS2345: Argument of type '{ userId: UserId; selectedOption: string; stakeAmount: PmpAmount; confidenceLevel: number; }' is not assignable to parameter of type 'Prediction'.
  Type '{ userId: UserId; selectedOption: string; stakeAmount: PmpAmount; confidenceLevel: number; }' is missing the following properties from type 'Prediction': _id, _userId, _gameId, _selectedOptionId, and 23 more.
src/bounded-contexts/prediction/domain/entities/__tests__/prediction-game.aggregate.test.ts(263,11): error TS2561: Object literal may only specify known properties, but 'selectedOption' does not exist in type 'Prediction'. Did you mean to write 'selectedOptionId'?
src/bounded-contexts/prediction/domain/entities/__tests__/prediction-game.aggregate.test.ts(270,11): error TS2561: Object literal may only specify known properties, but 'selectedOption' does not exist in type 'Prediction'. Did you mean to write 'selectedOptionId'?
src/bounded-contexts/prediction/domain/entities/__tests__/prediction-game.aggregate.test.ts(285,48): error TS2339: Property 'SETTLED' does not exist on type 'typeof GameStatus'.
src/bounded-contexts/prediction/domain/entities/__tests__/prediction-game.aggregate.test.ts(352,9): error TS2561: Object literal may only specify known properties, but 'selectedOption' does not exist in type 'Prediction'. Did you mean to write 'selectedOptionId'?
src/bounded-contexts/prediction/domain/entities/__tests__/prediction-game.aggregate.test.ts(385,26): error TS2345: Argument of type '{ userId: UserId; selectedOption: string; stakeAmount: PmpAmount; confidenceLevel: number; }' is not assignable to parameter of type 'Prediction'.
  Type '{ userId: UserId; selectedOption: string; stakeAmount: PmpAmount; confidenceLevel: number; }' is missing the following properties from type 'Prediction': _id, _userId, _gameId, _selectedOptionId, and 23 more.
src/bounded-contexts/prediction/domain/entities/__tests__/prediction-game.aggregate.test.ts(390,9): error TS2561: Object literal may only specify known properties, but 'selectedOption' does not exist in type 'Prediction'. Did you mean to write 'selectedOptionId'?
src/bounded-contexts/prediction/domain/entities/__tests__/prediction-game.aggregate.test.ts(395,19): error TS2551: Property 'getPredictions' does not exist on type 'PredictionGame'. Did you mean 'getPrediction'?
src/bounded-contexts/prediction/domain/entities/__tests__/prediction-game.aggregate.test.ts(413,11): error TS2561: Object literal may only specify known properties, but 'selectedOption' does not exist in type 'Prediction'. Did you mean to write 'selectedOptionId'?
src/bounded-contexts/prediction/domain/entities/__tests__/prediction-game.aggregate.test.ts(421,11): error TS2561: Object literal may only specify known properties, but 'selectedOption' does not exist in type 'Prediction'. Did you mean to write 'selectedOptionId'?
src/bounded-contexts/prediction/domain/entities/__tests__/prediction-game.aggregate.test.ts(428,33): error TS2551: Property 'getPredictions' does not exist on type 'PredictionGame'. Did you mean 'getPrediction'?
src/bounded-contexts/prediction/infrastructure/repositories/supabase-prediction-game.repository.test.ts(35,34): error TS2352: Conversion of type '{ id: PredictionGameId; creatorId: UserId; title: string; description: string; }' to type 'PredictionGame' may be a mistake because neither type sufficiently overlaps with the other. If this was intentional, convert the expression to 'unknown' first.
  Type '{ id: PredictionGameId; creatorId: UserId; title: string; description: string; }' is missing the following properties from type 'PredictionGame': _id, _creatorId, _title, _description, and 66 more.
src/bounded-contexts/prediction/infrastructure/repositories/supabase-prediction-game.repository.test.ts(48,23): error TS2339: Property 'error' does not exist on type 'Result<void, RepositoryError>'.
  Property 'error' does not exist on type '{ success: true; data: void; }'.
src/bounded-contexts/prediction/infrastructure/repositories/supabase-prediction-game.repository.test.ts(49,23): error TS2339: Property 'error' does not exist on type 'Result<void, RepositoryError>'.
  Property 'error' does not exist on type '{ success: true; data: void; }'.
src/bounded-contexts/prediction/infrastructure/repositories/supabase-prediction-game.repository.test.ts(65,23): error TS2339: Property 'error' does not exist on type 'Result<PredictionGame, RepositoryError>'.
  Property 'error' does not exist on type '{ success: true; data: PredictionGame; }'.
src/bounded-contexts/prediction/infrastructure/repositories/supabase-prediction-game.repository.test.ts(66,23): error TS2339: Property 'error' does not exist on type 'Result<PredictionGame, RepositoryError>'.
  Property 'error' does not exist on type '{ success: true; data: PredictionGame; }'.
src/bounded-contexts/prediction/infrastructure/repositories/supabase-prediction-game.repository.test.ts(82,23): error TS2339: Property 'error' does not exist on type 'Result<Map<PredictionGameId, PredictionGame>, RepositoryError>'.
  Property 'error' does not exist on type '{ success: true; data: Map<PredictionGameId, PredictionGame>; }'.
src/bounded-contexts/prediction/infrastructure/repositories/supabase-prediction-game.repository.test.ts(83,23): error TS2339: Property 'error' does not exist on type 'Result<Map<PredictionGameId, PredictionGame>, RepositoryError>'.
  Property 'error' does not exist on type '{ success: true; data: Map<PredictionGameId, PredictionGame>; }'.
src/bounded-contexts/prediction/infrastructure/repositories/supabase-prediction-game.repository.test.ts(103,25): error TS2339: Property 'error' does not exist on type 'Result<any, RepositoryError>'.
  Property 'error' does not exist on type '{ success: true; data: any; }'.
src/bounded-contexts/prediction/infrastructure/repositories/supabase-prediction-game.repository.test.ts(104,25): error TS2339: Property 'error' does not exist on type 'Result<any, RepositoryError>'.
  Property 'error' does not exist on type '{ success: true; data: any; }'.
src/bounded-contexts/prediction/infrastructure/repositories/supabase-prediction-game.repository.test.ts(121,23): error TS2339: Property 'error' does not exist on type 'Result<any, RepositoryError>'.
  Property 'error' does not exist on type '{ success: true; data: any; }'.
src/bounded-contexts/prediction/infrastructure/repositories/supabase-prediction-game.repository.test.ts(122,23): error TS2339: Property 'error' does not exist on type 'Result<any, RepositoryError>'.
  Property 'error' does not exist on type '{ success: true; data: any; }'.
src/bounded-contexts/prediction/infrastructure/repositories/supabase-prediction-game.repository.test.ts(138,23): error TS2339: Property 'error' does not exist on type 'Result<any, RepositoryError>'.
  Property 'error' does not exist on type '{ success: true; data: any; }'.
src/bounded-contexts/prediction/infrastructure/repositories/supabase-prediction-game.repository.test.ts(139,23): error TS2339: Property 'error' does not exist on type 'Result<any, RepositoryError>'.
  Property 'error' does not exist on type '{ success: true; data: any; }'.
src/bounded-contexts/prediction/infrastructure/repositories/supabase-prediction-game.repository.test.ts(155,23): error TS2339: Property 'error' does not exist on type 'Result<any, RepositoryError>'.
  Property 'error' does not exist on type '{ success: true; data: any; }'.
src/bounded-contexts/prediction/infrastructure/repositories/supabase-prediction-game.repository.test.ts(156,23): error TS2339: Property 'error' does not exist on type 'Result<any, RepositoryError>'.
  Property 'error' does not exist on type '{ success: true; data: any; }'.
src/bounded-contexts/prediction/infrastructure/repositories/supabase-prediction-game.repository.test.ts(169,23): error TS2339: Property 'error' does not exist on type 'Result<any, RepositoryError>'.
  Property 'error' does not exist on type '{ success: true; data: any; }'.
src/bounded-contexts/prediction/infrastructure/repositories/supabase-prediction-game.repository.test.ts(170,23): error TS2339: Property 'error' does not exist on type 'Result<any, RepositoryError>'.
  Property 'error' does not exist on type '{ success: true; data: any; }'.
src/bounded-contexts/prediction/infrastructure/repositories/supabase-prediction-game.repository.test.ts(183,23): error TS2339: Property 'error' does not exist on type 'Result<PredictionGame[], RepositoryError>'.
  Property 'error' does not exist on type '{ success: true; data: PredictionGame[]; }'.
src/bounded-contexts/prediction/infrastructure/repositories/supabase-prediction-game.repository.test.ts(184,23): error TS2339: Property 'error' does not exist on type 'Result<PredictionGame[], RepositoryError>'.
  Property 'error' does not exist on type '{ success: true; data: PredictionGame[]; }'.
src/bounded-contexts/public/infrastructure/repositories/prediction.repository.ts(10,30): error TS2307: Cannot find module '@/lib/supabase/server' or its corresponding type declarations.
C:\G\posmul\apps\posmul-web:
?덭RR_PNPM_RECURSIVE_RUN_FIRST_FAIL??@posmul/posmul-web@0.1.0 type-check: `tsc --noEmit`
Exit status 1
